mode: atomic
github.com/bordenet/secrets-in-source/test/secrets_gap_analysis.go:50.13,57.49 6 0
github.com/bordenet/secrets-in-source/test/secrets_gap_analysis.go:57.49,61.3 3 0
github.com/bordenet/secrets-in-source/test/secrets_gap_analysis.go:63.2,68.20 4 0
github.com/bordenet/secrets-in-source/test/secrets_gap_analysis.go:68.20,74.3 4 0
github.com/bordenet/secrets-in-source/test/secrets_gap_analysis.go:76.2,87.19 9 0
github.com/bordenet/secrets-in-source/test/secrets_gap_analysis.go:87.19,90.3 2 0
github.com/bordenet/secrets-in-source/test/secrets_gap_analysis.go:93.62,95.16 2 0
github.com/bordenet/secrets-in-source/test/secrets_gap_analysis.go:95.16,97.3 1 0
github.com/bordenet/secrets-in-source/test/secrets_gap_analysis.go:98.2,98.15 1 0
github.com/bordenet/secrets-in-source/test/secrets_gap_analysis.go:98.15,100.3 1 0
github.com/bordenet/secrets-in-source/test/secrets_gap_analysis.go:102.2,106.21 4 0
github.com/bordenet/secrets-in-source/test/secrets_gap_analysis.go:106.21,109.17 3 0
github.com/bordenet/secrets-in-source/test/secrets_gap_analysis.go:109.17,110.12 1 0
github.com/bordenet/secrets-in-source/test/secrets_gap_analysis.go:113.3,113.61 1 0
github.com/bordenet/secrets-in-source/test/secrets_gap_analysis.go:113.61,114.12 1 0
github.com/bordenet/secrets-in-source/test/secrets_gap_analysis.go:117.3,118.32 2 0
github.com/bordenet/secrets-in-source/test/secrets_gap_analysis.go:118.32,121.4 2 0
github.com/bordenet/secrets-in-source/test/secrets_gap_analysis.go:124.2,124.38 1 0
github.com/bordenet/secrets-in-source/test/secrets_gap_analysis.go:124.38,126.3 1 0
github.com/bordenet/secrets-in-source/test/secrets_gap_analysis.go:128.2,128.16 1 0
github.com/bordenet/secrets-in-source/test/secrets_gap_analysis.go:131.56,133.16 2 0
github.com/bordenet/secrets-in-source/test/secrets_gap_analysis.go:133.16,135.3 1 0
github.com/bordenet/secrets-in-source/test/secrets_gap_analysis.go:136.2,136.15 1 0
github.com/bordenet/secrets-in-source/test/secrets_gap_analysis.go:136.15,138.3 1 0
github.com/bordenet/secrets-in-source/test/secrets_gap_analysis.go:140.2,145.21 5 0
github.com/bordenet/secrets-in-source/test/secrets_gap_analysis.go:145.21,148.22 3 0
github.com/bordenet/secrets-in-source/test/secrets_gap_analysis.go:148.22,149.12 1 0
github.com/bordenet/secrets-in-source/test/secrets_gap_analysis.go:152.3,155.26 4 0
github.com/bordenet/secrets-in-source/test/secrets_gap_analysis.go:155.26,156.12 1 0
github.com/bordenet/secrets-in-source/test/secrets_gap_analysis.go:159.3,160.17 2 0
github.com/bordenet/secrets-in-source/test/secrets_gap_analysis.go:160.17,161.12 1 0
github.com/bordenet/secrets-in-source/test/secrets_gap_analysis.go:163.3,166.32 3 0
github.com/bordenet/secrets-in-source/test/secrets_gap_analysis.go:166.32,169.4 2 0
github.com/bordenet/secrets-in-source/test/secrets_gap_analysis.go:172.2,172.38 1 0
github.com/bordenet/secrets-in-source/test/secrets_gap_analysis.go:172.38,174.3 1 0
github.com/bordenet/secrets-in-source/test/secrets_gap_analysis.go:176.2,176.16 1 0
github.com/bordenet/secrets-in-source/test/secrets_gap_analysis.go:179.152,181.40 2 0
github.com/bordenet/secrets-in-source/test/secrets_gap_analysis.go:181.40,184.3 2 0
github.com/bordenet/secrets-in-source/test/secrets_gap_analysis.go:186.2,189.43 4 0
github.com/bordenet/secrets-in-source/test/secrets_gap_analysis.go:189.43,194.46 4 0
github.com/bordenet/secrets-in-source/test/secrets_gap_analysis.go:194.46,195.100 1 0
github.com/bordenet/secrets-in-source/test/secrets_gap_analysis.go:195.100,200.10 5 0
github.com/bordenet/secrets-in-source/test/secrets_gap_analysis.go:204.3,204.16 1 0
github.com/bordenet/secrets-in-source/test/secrets_gap_analysis.go:204.16,206.4 1 0
github.com/bordenet/secrets-in-source/test/secrets_gap_analysis.go:209.2,210.36 2 0
github.com/bordenet/secrets-in-source/test/secrets_gap_analysis.go:210.36,212.3 1 0
github.com/bordenet/secrets-in-source/test/secrets_gap_analysis.go:214.2,214.60 1 0
github.com/bordenet/secrets-in-source/test/secrets_gap_analysis.go:217.93,219.40 2 0
github.com/bordenet/secrets-in-source/test/secrets_gap_analysis.go:219.40,221.3 1 0
github.com/bordenet/secrets-in-source/test/secrets_gap_analysis.go:223.2,224.37 2 0
github.com/bordenet/secrets-in-source/test/secrets_gap_analysis.go:224.37,226.3 1 0
github.com/bordenet/secrets-in-source/test/secrets_gap_analysis.go:228.2,232.33 4 0
github.com/bordenet/secrets-in-source/test/secrets_gap_analysis.go:235.46,242.37 3 0
github.com/bordenet/secrets-in-source/test/secrets_gap_analysis.go:242.37,244.3 1 0
github.com/bordenet/secrets-in-source/test/secrets_gap_analysis.go:246.2,246.49 1 0
github.com/bordenet/secrets-in-source/test/secrets_gap_analysis.go:246.49,248.3 1 0
github.com/bordenet/secrets-in-source/test/secrets_gap_analysis.go:250.2,250.53 1 0
github.com/bordenet/secrets-in-source/test/secrets_gap_analysis.go:250.53,252.3 1 0
github.com/bordenet/secrets-in-source/test/secrets_gap_analysis.go:255.215,264.58 7 0
github.com/bordenet/secrets-in-source/test/secrets_gap_analysis.go:264.58,266.3 1 0
github.com/bordenet/secrets-in-source/test/secrets_gap_analysis.go:268.2,280.5 2 0
github.com/bordenet/secrets-in-source/test/secrets_gap_analysis.go:283.33,284.46 1 0
github.com/bordenet/secrets-in-source/test/secrets_gap_analysis.go:284.46,286.3 1 0
github.com/bordenet/secrets-in-source/test/secrets_gap_analysis.go:287.2,287.10 1 0
github.com/bordenet/secrets-in-source/test/secrets_gap_analysis.go:290.87,292.30 2 0
github.com/bordenet/secrets-in-source/test/secrets_gap_analysis.go:292.30,293.44 1 0
github.com/bordenet/secrets-in-source/test/secrets_gap_analysis.go:293.44,297.4 3 0
github.com/bordenet/secrets-in-source/test/secrets_gap_analysis.go:298.8,299.41 1 0
github.com/bordenet/secrets-in-source/test/secrets_gap_analysis.go:299.41,303.4 3 0
github.com/bordenet/secrets-in-source/test/secrets_gap_analysis.go:306.2,307.20 2 0
github.com/bordenet/secrets-in-source/test/secrets_gap_analysis.go:310.57,311.41 1 0
github.com/bordenet/secrets-in-source/test/secrets_gap_analysis.go:311.41,313.3 1 0
github.com/bordenet/secrets-in-source/test/secrets_gap_analysis.go:316.50,318.15 2 0
github.com/bordenet/secrets-in-source/test/secrets_gap_analysis.go:318.15,320.3 1 0
github.com/bordenet/secrets-in-source/test/secrets_gap_analysis.go:321.2,321.41 1 0
github.com/bordenet/secrets-in-source/test/secrets_gap_analysis.go:324.47,325.24 1 0
github.com/bordenet/secrets-in-source/test/secrets_gap_analysis.go:325.24,327.3 1 0
github.com/bordenet/secrets-in-source/test/secrets_gap_analysis.go:328.2,328.10 1 0
github.com/bordenet/secrets-in-source/test/secrets_gap_analysis.go:331.39,332.34 1 0
github.com/bordenet/secrets-in-source/test/secrets_gap_analysis.go:332.34,333.38 1 0
github.com/bordenet/secrets-in-source/test/secrets_gap_analysis.go:333.38,335.4 1 0
github.com/bordenet/secrets-in-source/test/secrets_gap_analysis.go:337.2,337.14 1 0
github.com/bordenet/secrets-in-source/fasthog.go:114.61,115.52 1 10
github.com/bordenet/secrets-in-source/fasthog.go:116.36,117.31 1 4
github.com/bordenet/secrets-in-source/fasthog.go:118.32,119.31 1 4
github.com/bordenet/secrets-in-source/fasthog.go:120.10,121.84 1 2
github.com/bordenet/secrets-in-source/fasthog.go:152.48,153.21 1 23
github.com/bordenet/secrets-in-source/fasthog.go:153.21,157.3 3 12
github.com/bordenet/secrets-in-source/fasthog.go:159.2,162.39 3 11
github.com/bordenet/secrets-in-source/fasthog.go:162.39,163.28 1 66
github.com/bordenet/secrets-in-source/fasthog.go:163.28,166.4 2 66
github.com/bordenet/secrets-in-source/fasthog.go:169.2,169.26 1 11
github.com/bordenet/secrets-in-source/fasthog.go:169.26,170.28 1 55
github.com/bordenet/secrets-in-source/fasthog.go:170.28,173.4 2 5
github.com/bordenet/secrets-in-source/fasthog.go:176.2,176.15 1 11
github.com/bordenet/secrets-in-source/fasthog.go:182.49,192.78 5 18
github.com/bordenet/secrets-in-source/fasthog.go:192.78,193.30 1 69
github.com/bordenet/secrets-in-source/fasthog.go:193.30,195.4 1 22
github.com/bordenet/secrets-in-source/fasthog.go:196.3,196.43 1 47
github.com/bordenet/secrets-in-source/fasthog.go:196.43,198.4 1 8
github.com/bordenet/secrets-in-source/fasthog.go:200.3,201.42 2 39
github.com/bordenet/secrets-in-source/fasthog.go:201.42,202.42 1 234
github.com/bordenet/secrets-in-source/fasthog.go:202.42,204.5 1 0
github.com/bordenet/secrets-in-source/fasthog.go:207.3,208.13 2 39
github.com/bordenet/secrets-in-source/fasthog.go:211.2,219.33 3 18
github.com/bordenet/secrets-in-source/fasthog.go:219.33,223.32 3 39
github.com/bordenet/secrets-in-source/fasthog.go:223.32,225.4 1 4
github.com/bordenet/secrets-in-source/fasthog.go:227.3,227.24 1 39
github.com/bordenet/secrets-in-source/fasthog.go:227.24,229.17 2 39
github.com/bordenet/secrets-in-source/fasthog.go:229.17,229.32 1 39
github.com/bordenet/secrets-in-source/fasthog.go:231.4,232.18 2 39
github.com/bordenet/secrets-in-source/fasthog.go:232.18,233.63 1 0
github.com/bordenet/secrets-in-source/fasthog.go:235.4,235.17 1 39
github.com/bordenet/secrets-in-source/fasthog.go:235.17,236.47 1 39
github.com/bordenet/secrets-in-source/fasthog.go:236.47,237.70 1 0
github.com/bordenet/secrets-in-source/fasthog.go:241.4,243.23 3 39
github.com/bordenet/secrets-in-source/fasthog.go:243.23,246.23 3 1458
github.com/bordenet/secrets-in-source/fasthog.go:246.23,247.14 1 134
github.com/bordenet/secrets-in-source/fasthog.go:249.5,249.44 1 1324
github.com/bordenet/secrets-in-source/fasthog.go:249.44,250.109 1 140
github.com/bordenet/secrets-in-source/fasthog.go:250.109,251.30 1 87
github.com/bordenet/secrets-in-source/fasthog.go:251.30,253.8 1 4
github.com/bordenet/secrets-in-source/fasthog.go:254.7,262.18 4 87
github.com/bordenet/secrets-in-source/fasthog.go:269.2,270.15 2 18
github.com/bordenet/secrets-in-source/fasthog.go:274.26,284.2 1 1
github.com/bordenet/secrets-in-source/fasthog.go:287.48,289.16 2 20
github.com/bordenet/secrets-in-source/fasthog.go:289.16,290.25 1 3
github.com/bordenet/secrets-in-source/fasthog.go:290.25,292.4 1 3
github.com/bordenet/secrets-in-source/fasthog.go:293.3,293.56 1 0
github.com/bordenet/secrets-in-source/fasthog.go:295.2,295.19 1 17
github.com/bordenet/secrets-in-source/fasthog.go:295.19,297.3 1 2
github.com/bordenet/secrets-in-source/fasthog.go:298.2,298.12 1 15
github.com/bordenet/secrets-in-source/fasthog.go:345.46,347.16 2 2
github.com/bordenet/secrets-in-source/fasthog.go:347.16,349.3 1 0
github.com/bordenet/secrets-in-source/fasthog.go:351.2,355.21 4 2
github.com/bordenet/secrets-in-source/fasthog.go:355.21,358.55 3 22
github.com/bordenet/secrets-in-source/fasthog.go:358.55,359.12 1 2
github.com/bordenet/secrets-in-source/fasthog.go:362.3,363.18 2 20
github.com/bordenet/secrets-in-source/fasthog.go:363.18,366.15 3 8
github.com/bordenet/secrets-in-source/fasthog.go:367.21,368.26 1 1
github.com/bordenet/secrets-in-source/fasthog.go:369.22,370.34 1 2
github.com/bordenet/secrets-in-source/fasthog.go:371.24,372.36 1 1
github.com/bordenet/secrets-in-source/fasthog.go:373.18,374.30 1 1
github.com/bordenet/secrets-in-source/fasthog.go:375.20,376.32 1 1
github.com/bordenet/secrets-in-source/fasthog.go:377.12,377.12 0 2
github.com/bordenet/secrets-in-source/fasthog.go:380.4,380.12 1 8
github.com/bordenet/secrets-in-source/fasthog.go:383.3,385.25 2 12
github.com/bordenet/secrets-in-source/fasthog.go:386.21,387.46 1 3
github.com/bordenet/secrets-in-source/fasthog.go:387.46,389.18 2 3
github.com/bordenet/secrets-in-source/fasthog.go:389.18,390.38 1 3
github.com/bordenet/secrets-in-source/fasthog.go:390.38,392.7 1 1
github.com/bordenet/secrets-in-source/fasthog.go:393.6,393.50 1 3
github.com/bordenet/secrets-in-source/fasthog.go:396.23,397.46 1 2
github.com/bordenet/secrets-in-source/fasthog.go:397.46,399.18 2 2
github.com/bordenet/secrets-in-source/fasthog.go:399.18,401.6 1 2
github.com/bordenet/secrets-in-source/fasthog.go:403.17,405.15 2 2
github.com/bordenet/secrets-in-source/fasthog.go:406.16,407.28 1 1
github.com/bordenet/secrets-in-source/fasthog.go:408.18,409.30 1 1
github.com/bordenet/secrets-in-source/fasthog.go:411.19,413.15 2 4
github.com/bordenet/secrets-in-source/fasthog.go:414.18,415.32 1 1
github.com/bordenet/secrets-in-source/fasthog.go:416.16,417.30 1 1
github.com/bordenet/secrets-in-source/fasthog.go:418.18,419.32 1 1
github.com/bordenet/secrets-in-source/fasthog.go:420.19,421.33 1 1
github.com/bordenet/secrets-in-source/fasthog.go:426.2,426.38 1 2
github.com/bordenet/secrets-in-source/fasthog.go:426.38,428.3 1 0
github.com/bordenet/secrets-in-source/fasthog.go:430.2,430.17 1 2
github.com/bordenet/secrets-in-source/fasthog.go:439.88,440.41 1 9
github.com/bordenet/secrets-in-source/fasthog.go:440.41,443.29 3 7
github.com/bordenet/secrets-in-source/fasthog.go:443.29,445.17 2 22
github.com/bordenet/secrets-in-source/fasthog.go:445.17,446.13 1 10
github.com/bordenet/secrets-in-source/fasthog.go:448.4,448.36 1 12
github.com/bordenet/secrets-in-source/fasthog.go:448.36,450.5 1 10
github.com/bordenet/secrets-in-source/fasthog.go:451.4,451.40 1 12
github.com/bordenet/secrets-in-source/fasthog.go:455.3,455.26 1 7
github.com/bordenet/secrets-in-source/fasthog.go:455.26,457.4 1 5
github.com/bordenet/secrets-in-source/fasthog.go:460.2,460.29 1 4
github.com/bordenet/secrets-in-source/fasthog.go:460.29,462.3 1 2
github.com/bordenet/secrets-in-source/fasthog.go:464.2,464.26 1 2
github.com/bordenet/secrets-in-source/fasthog.go:469.142,471.14 2 4
github.com/bordenet/secrets-in-source/fasthog.go:471.14,473.3 1 1
github.com/bordenet/secrets-in-source/fasthog.go:475.2,475.71 1 4
github.com/bordenet/secrets-in-source/fasthog.go:475.71,477.3 1 1
github.com/bordenet/secrets-in-source/fasthog.go:479.2,479.39 1 4
github.com/bordenet/secrets-in-source/fasthog.go:484.82,485.63 1 2
github.com/bordenet/secrets-in-source/fasthog.go:485.63,487.3 1 1
github.com/bordenet/secrets-in-source/fasthog.go:489.2,489.19 1 1
github.com/bordenet/secrets-in-source/fasthog.go:493.50,496.21 3 17
github.com/bordenet/secrets-in-source/fasthog.go:496.21,498.3 1 16
github.com/bordenet/secrets-in-source/fasthog.go:499.2,499.19 1 17
github.com/bordenet/secrets-in-source/fasthog.go:505.103,509.32 2 26
github.com/bordenet/secrets-in-source/fasthog.go:509.32,511.17 2 3
github.com/bordenet/secrets-in-source/fasthog.go:511.17,514.4 2 2
github.com/bordenet/secrets-in-source/fasthog.go:515.8,517.17 2 23
github.com/bordenet/secrets-in-source/fasthog.go:517.17,520.4 2 0
github.com/bordenet/secrets-in-source/fasthog.go:524.2,524.29 1 24
github.com/bordenet/secrets-in-source/fasthog.go:524.29,526.17 2 2
github.com/bordenet/secrets-in-source/fasthog.go:526.17,529.4 2 1
github.com/bordenet/secrets-in-source/fasthog.go:530.8,532.17 2 22
github.com/bordenet/secrets-in-source/fasthog.go:532.17,535.4 2 0
github.com/bordenet/secrets-in-source/fasthog.go:540.2,540.60 1 23
github.com/bordenet/secrets-in-source/fasthog.go:540.60,542.32 2 4
github.com/bordenet/secrets-in-source/fasthog.go:542.32,544.4 1 2
github.com/bordenet/secrets-in-source/fasthog.go:545.3,545.32 1 4
github.com/bordenet/secrets-in-source/fasthog.go:545.32,547.4 1 3
github.com/bordenet/secrets-in-source/fasthog.go:549.3,550.17 2 4
github.com/bordenet/secrets-in-source/fasthog.go:550.17,553.4 2 1
github.com/bordenet/secrets-in-source/fasthog.go:554.8,556.17 2 19
github.com/bordenet/secrets-in-source/fasthog.go:556.17,559.4 2 0
github.com/bordenet/secrets-in-source/fasthog.go:562.2,562.8 1 22
github.com/bordenet/secrets-in-source/fasthog.go:572.77,574.29 2 85
github.com/bordenet/secrets-in-source/fasthog.go:574.29,576.17 2 132
github.com/bordenet/secrets-in-source/fasthog.go:576.17,578.4 1 5
github.com/bordenet/secrets-in-source/fasthog.go:579.3,579.53 1 127
github.com/bordenet/secrets-in-source/fasthog.go:579.53,580.40 1 30044
github.com/bordenet/secrets-in-source/fasthog.go:580.40,581.13 1 7647
github.com/bordenet/secrets-in-source/fasthog.go:583.4,583.24 1 22397
github.com/bordenet/secrets-in-source/fasthog.go:583.24,585.5 1 22319
github.com/bordenet/secrets-in-source/fasthog.go:586.4,586.39 1 22397
github.com/bordenet/secrets-in-source/fasthog.go:590.2,592.16 3 80
github.com/bordenet/secrets-in-source/fasthog.go:592.16,594.3 1 1
github.com/bordenet/secrets-in-source/fasthog.go:595.2,595.22 1 79
github.com/bordenet/secrets-in-source/fasthog.go:599.58,600.63 1 58
github.com/bordenet/secrets-in-source/fasthog.go:600.63,602.3 1 120
github.com/bordenet/secrets-in-source/fasthog.go:628.31,630.2 1 1
github.com/bordenet/secrets-in-source/fasthog.go:633.57,634.27 1 7
github.com/bordenet/secrets-in-source/fasthog.go:635.25,636.31 1 1
github.com/bordenet/secrets-in-source/fasthog.go:637.18,638.23 1 3
github.com/bordenet/secrets-in-source/fasthog.go:639.22,640.22 1 2
github.com/bordenet/secrets-in-source/fasthog.go:642.22,644.26 2 1
github.com/bordenet/secrets-in-source/fasthog.go:645.16,646.14 1 1
github.com/bordenet/secrets-in-source/fasthog.go:647.15,649.21 2 1
github.com/bordenet/secrets-in-source/fasthog.go:651.2,651.15 1 4
github.com/bordenet/secrets-in-source/fasthog.go:655.30,659.30 4 1
github.com/bordenet/secrets-in-source/fasthog.go:659.30,661.3 1 0
github.com/bordenet/secrets-in-source/fasthog.go:662.2,665.10 4 1
github.com/bordenet/secrets-in-source/fasthog.go:668.13,688.28 13 0
github.com/bordenet/secrets-in-source/fasthog.go:688.28,691.3 2 0
github.com/bordenet/secrets-in-source/fasthog.go:693.2,697.22 3 0
github.com/bordenet/secrets-in-source/fasthog.go:697.22,699.17 2 0
github.com/bordenet/secrets-in-source/fasthog.go:699.17,702.4 2 0
github.com/bordenet/secrets-in-source/fasthog.go:703.3,703.16 1 0
github.com/bordenet/secrets-in-source/fasthog.go:704.8,705.52 1 0
github.com/bordenet/secrets-in-source/fasthog.go:705.52,707.18 2 0
github.com/bordenet/secrets-in-source/fasthog.go:707.18,710.5 2 0
github.com/bordenet/secrets-in-source/fasthog.go:711.4,711.17 1 0
github.com/bordenet/secrets-in-source/fasthog.go:716.2,729.16 4 0
github.com/bordenet/secrets-in-source/fasthog.go:729.16,732.3 2 0
github.com/bordenet/secrets-in-source/fasthog.go:735.2,737.38 2 0
github.com/bordenet/secrets-in-source/fasthog.go:737.38,739.67 2 0
github.com/bordenet/secrets-in-source/fasthog.go:739.67,741.4 1 0
github.com/bordenet/secrets-in-source/fasthog.go:741.9,743.4 1 0
github.com/bordenet/secrets-in-source/fasthog.go:744.3,744.23 1 0
github.com/bordenet/secrets-in-source/fasthog.go:744.23,746.4 1 0
github.com/bordenet/secrets-in-source/fasthog.go:749.2,750.22 2 0
github.com/bordenet/secrets-in-source/fasthog.go:751.24,752.92 1 0
github.com/bordenet/secrets-in-source/fasthog.go:753.24,754.14 1 0
github.com/bordenet/secrets-in-source/fasthog.go:755.10,756.88 1 0
github.com/bordenet/secrets-in-source/fasthog.go:759.2,759.19 1 0
github.com/bordenet/secrets-in-source/fasthog.go:759.19,762.3 2 0
github.com/bordenet/secrets-in-source/fasthog.go:767.134,768.53 1 17
github.com/bordenet/secrets-in-source/fasthog.go:768.53,770.3 1 3
github.com/bordenet/secrets-in-source/fasthog.go:772.2,773.16 2 14
github.com/bordenet/secrets-in-source/fasthog.go:773.16,775.3 1 1
github.com/bordenet/secrets-in-source/fasthog.go:777.2,794.43 5 13
github.com/bordenet/secrets-in-source/fasthog.go:794.43,795.16 1 28
github.com/bordenet/secrets-in-source/fasthog.go:795.16,797.4 1 28
github.com/bordenet/secrets-in-source/fasthog.go:800.2,801.46 2 13
github.com/bordenet/secrets-in-source/fasthog.go:801.46,803.3 1 28
github.com/bordenet/secrets-in-source/fasthog.go:804.2,804.43 1 13
github.com/bordenet/secrets-in-source/fasthog.go:804.43,805.45 1 53
github.com/bordenet/secrets-in-source/fasthog.go:805.45,807.4 1 13
github.com/bordenet/secrets-in-source/fasthog.go:808.3,808.47 1 40
github.com/bordenet/secrets-in-source/fasthog.go:811.2,822.16 3 13
github.com/bordenet/secrets-in-source/fasthog.go:822.16,824.3 1 0
github.com/bordenet/secrets-in-source/fasthog.go:827.2,827.63 1 13
github.com/bordenet/secrets-in-source/fasthog.go:827.63,829.3 1 0
github.com/bordenet/secrets-in-source/fasthog.go:831.2,831.22 1 13
github.com/bordenet/secrets-in-source/fasthog.go:831.22,832.77 1 11
github.com/bordenet/secrets-in-source/fasthog.go:832.77,834.4 1 0
github.com/bordenet/secrets-in-source/fasthog.go:837.2,837.12 1 13
github.com/bordenet/secrets-in-source/fasthog.go:842.130,845.53 2 0
github.com/bordenet/secrets-in-source/fasthog.go:845.53,847.3 1 0
github.com/bordenet/secrets-in-source/fasthog.go:849.2,850.16 2 0
github.com/bordenet/secrets-in-source/fasthog.go:850.16,852.3 1 0
github.com/bordenet/secrets-in-source/fasthog.go:854.2,865.12 4 0
github.com/bordenet/secrets-in-source/fasthog.go:865.12,873.55 1 0
github.com/bordenet/secrets-in-source/fasthog.go:873.55,875.18 2 0
github.com/bordenet/secrets-in-source/fasthog.go:875.18,877.6 1 0
github.com/bordenet/secrets-in-source/fasthog.go:878.5,878.57 1 0
github.com/bordenet/secrets-in-source/fasthog.go:880.63,886.5 5 0
github.com/bordenet/secrets-in-source/fasthog.go:889.3,891.20 3 0
github.com/bordenet/secrets-in-source/fasthog.go:894.2,894.35 1 0
github.com/bordenet/secrets-in-source/fasthog.go:894.35,896.3 1 0
github.com/bordenet/secrets-in-source/fasthog.go:898.2,903.32 5 0
github.com/bordenet/secrets-in-source/fasthog.go:903.32,905.3 1 0
github.com/bordenet/secrets-in-source/fasthog.go:907.2,907.25 1 0
github.com/bordenet/secrets-in-source/fasthog.go:907.25,913.47 3 0
github.com/bordenet/secrets-in-source/fasthog.go:913.47,915.4 1 0
github.com/bordenet/secrets-in-source/fasthog.go:916.3,916.46 1 0
github.com/bordenet/secrets-in-source/fasthog.go:916.46,918.4 1 0
github.com/bordenet/secrets-in-source/fasthog.go:920.3,921.33 2 0
github.com/bordenet/secrets-in-source/fasthog.go:921.33,922.15 1 0
github.com/bordenet/secrets-in-source/fasthog.go:922.15,923.10 1 0
github.com/bordenet/secrets-in-source/fasthog.go:925.4,925.77 1 0
github.com/bordenet/secrets-in-source/fasthog.go:929.2,930.43 2 0
github.com/bordenet/secrets-in-source/fasthog.go:930.43,931.16 1 0
github.com/bordenet/secrets-in-source/fasthog.go:931.16,933.4 1 0
github.com/bordenet/secrets-in-source/fasthog.go:936.2,939.22 2 0
github.com/bordenet/secrets-in-source/fasthog.go:939.22,940.59 1 0
github.com/bordenet/secrets-in-source/fasthog.go:940.59,942.4 1 0
github.com/bordenet/secrets-in-source/fasthog.go:943.3,943.52 1 0
github.com/bordenet/secrets-in-source/fasthog.go:946.2,946.12 1 0
github.com/bordenet/secrets-in-source/fasthog.go:950.62,952.16 2 4
github.com/bordenet/secrets-in-source/fasthog.go:952.16,954.3 1 1
github.com/bordenet/secrets-in-source/fasthog.go:955.2,955.15 1 3
github.com/bordenet/secrets-in-source/fasthog.go:955.15,957.3 1 3
github.com/bordenet/secrets-in-source/fasthog.go:959.2,964.32 3 3
github.com/bordenet/secrets-in-source/fasthog.go:964.32,966.66 2 5
github.com/bordenet/secrets-in-source/fasthog.go:966.66,968.4 1 0
github.com/bordenet/secrets-in-source/fasthog.go:971.2,971.23 1 3
